TN:
SF:app.js
FN:15,(anonymous_0)
FN:20,(anonymous_1)
FNF:2
FNH:1
FNDA:0,(anonymous_0)
FNDA:5,(anonymous_1)
DA:5,1
DA:6,1
DA:7,1
DA:8,1
DA:10,1
DA:11,1
DA:15,1
DA:16,0
DA:20,1
DA:21,5
DA:22,5
DA:23,5
DA:24,5
DA:29,1
LF:14
LH:13
BRDA:21,0,0,5
BRDA:21,0,1,0
BRDA:23,1,0,0
BRDA:23,1,1,5
BRF:4
BRH:2
end_of_record
TN:
SF:expressError.js
FN:8,(anonymous_0)
FN:18,(anonymous_1)
FN:26,(anonymous_2)
FN:34,(anonymous_3)
FN:42,(anonymous_4)
FNF:5
FNH:2
FNDA:5,(anonymous_0)
FNDA:0,(anonymous_1)
FNDA:0,(anonymous_2)
FNDA:5,(anonymous_3)
FNDA:0,(anonymous_4)
DA:9,5
DA:10,5
DA:11,5
DA:19,0
DA:27,0
DA:35,5
DA:43,0
DA:47,1
LF:8
LH:5
BRDA:18,0,0,0
BRDA:26,1,0,0
BRDA:34,2,0,0
BRDA:42,3,0,0
BRF:4
BRH:0
end_of_record
TN:
SF:shipItApi.js
FN:14,shipProduct
FNF:1
FNH:1
FNDA:1,shipProduct
DA:3,1
DA:4,1
DA:6,1
DA:15,1
DA:17,1
DA:29,1
DA:32,1
LF:7
LH:7
BRF:0
BRH:0
end_of_record
TN:
SF:routes/shipments.js
FN:20,(anonymous_0)
FN:27,(anonymous_1)
FNF:2
FNH:2
FNDA:6,(anonymous_0)
FNDA:5,(anonymous_1)
DA:3,1
DA:4,1
DA:6,1
DA:8,1
DA:9,1
DA:10,1
DA:20,1
DA:22,6
DA:23,6
DA:24,6
DA:27,5
DA:28,5
DA:31,1
DA:32,1
DA:33,1
DA:36,5
DA:42,1
LF:17
LH:17
BRDA:24,0,0,5
BRDA:24,0,1,1
BRF:2
BRH:2
end_of_record
